<?xml version="1.0" encoding="UTF-8"?>
<!-- Generated by org.testng.reporters.JUnitReportReporter -->
<testsuite hostname="DESKTOP-AL4NQ3K" failures="0" tests="2" name="com.training.sanity.tests.LoginTests" time="87.450" errors="0" timestamp="2020-10-19T21:43:58 IST" skipped="0">
  <testcase classname="com.training.sanity.tests.LoginTests" name="validLoginTest" time="83.226"/>
  <system-out/>
  <testcase classname="com.training.sanity.tests.LoginTests" name="logoutTest" time="4.224"/>
  <system-out/>
</testsuite> <!-- com.training.sanity.tests.LoginTests -->
