<?xml version="1.0" encoding="UTF-8"?>
<!-- Generated by org.testng.reporters.JUnitReportReporter -->
<testsuite hostname="DESKTOP-AL4NQ3K" failures="0" tests="2" name="com.training.regression.tests.LoginDBTest" time="86.735" errors="0" timestamp="2020-10-19T21:37:28 IST" skipped="0">
  <testcase classname="com.training.regression.tests.LoginDBTest" name="loginDBTest" time="79.234"/>
  <system-out/>
  <testcase classname="com.training.regression.tests.LoginDBTest" name="logoutDBTest" time="7.501"/>
  <system-out/>
</testsuite> <!-- com.training.regression.tests.LoginDBTest -->
