<?xml version="1.0" encoding="UTF-8"?>
<!-- Generated by org.testng.reporters.JUnitReportReporter -->
<testsuite hostname="DESKTOP-AL4NQ3K" failures="0" tests="2" name="com.training.regression.tests.LoginExcelTest" time="85.854" errors="0" timestamp="2020-10-19T21:41:21 IST" skipped="0">
  <testcase classname="com.training.regression.tests.LoginExcelTest" name="loginDBTest" time="79.657"/>
  <system-out/>
  <testcase classname="com.training.regression.tests.LoginExcelTest" name="logoutDBTest" time="6.197"/>
  <system-out/>
</testsuite> <!-- com.training.regression.tests.LoginExcelTest -->
